2024-11-28 19:14:44.584 +01:00 [INF] User profile is available. Using 'C:\Users\fatta\AppData\Local\ASP.NET\DataProtection-Keys' as key repository and Windows DPAPI to encrypt keys at rest.
2024-11-28 19:14:44.914 +01:00 [INF] Now listening on: https://localhost:7262
2024-11-28 19:14:44.918 +01:00 [INF] Now listening on: http://localhost:5003
2024-11-28 19:14:44.925 +01:00 [INF] Application started. Press Ctrl+C to shut down.
2024-11-28 19:14:44.929 +01:00 [INF] Hosting environment: Development
2024-11-28 19:14:44.932 +01:00 [INF] Content root path: C:\Users\fatta\OneDrive\Dokumenter\Studie\Høst2024\ITPE3200Webapplikasjoner\FinalExam\CodeCraft\SubApp1
2024-11-28 19:14:45.104 +01:00 [INF] Request starting HTTP/1.1 GET http://localhost:5003/ - null null
2024-11-28 19:14:45.126 +01:00 [INF] Request finished HTTP/1.1 GET http://localhost:5003/ - 307 0 null 25.3955ms
2024-11-28 19:14:45.238 +01:00 [INF] Request starting HTTP/2 GET https://localhost:7262/ - null null
2024-11-28 19:14:45.292 +01:00 [INF] Executing endpoint 'SubApp1.Controllers.HomeController.Index (SubApp1)'
2024-11-28 19:14:45.329 +01:00 [INF] Route matched with {action = "Index", controller = "Home", page = "", area = ""}. Executing controller action with signature Microsoft.AspNetCore.Mvc.IActionResult Index() on controller SubApp1.Controllers.HomeController (SubApp1).
2024-11-28 19:14:49.924 +01:00 [INF] Executing ViewResult, running view Index.
2024-11-28 19:14:50.559 +01:00 [INF] Executed ViewResult - view Index executed in 3819.4458ms.
2024-11-28 19:14:50.573 +01:00 [INF] Executed action SubApp1.Controllers.HomeController.Index (SubApp1) in 5242.6677ms
2024-11-28 19:14:50.575 +01:00 [INF] Executed endpoint 'SubApp1.Controllers.HomeController.Index (SubApp1)'
2024-11-28 19:14:50.580 +01:00 [INF] Request starting HTTP/2 GET https://localhost:7262/lib/bootstrap/dist/css/bootstrap.min.css - null null
2024-11-28 19:14:50.581 +01:00 [INF] Request starting HTTP/2 GET https://localhost:7262/SubApp1.styles.css?v=Sj13-RJCpeuwLSSZn5pveHertSYZb1e9rwkvuFa81K0 - null null
2024-11-28 19:14:50.582 +01:00 [INF] Request starting HTTP/2 GET https://localhost:7262/css/site.css?v=IX3HhC0Qb_wvNR76iq6-WPDnaYZOlvu4jaLxaL9WBe8 - null null
2024-11-28 19:14:50.582 +01:00 [INF] Request starting HTTP/2 GET https://localhost:7262/js/bootstrap.js - null null
2024-11-28 19:14:50.582 +01:00 [INF] Request starting HTTP/2 GET https://localhost:7262/js/jquery.min.js - null null
2024-11-28 19:14:50.582 +01:00 [INF] Request starting HTTP/2 GET https://localhost:7262/images/default-profile.png - null null
2024-11-28 19:14:50.583 +01:00 [INF] Request starting HTTP/2 GET https://localhost:7262/Images/nsmd5fi2.thl638682508897864419.jpeg - null null
2024-11-28 19:14:50.610 +01:00 [INF] Request finished HTTP/2 GET https://localhost:7262/js/bootstrap.js - 404 0 null 27.2015ms
2024-11-28 19:14:50.610 +01:00 [INF] Request finished HTTP/2 GET https://localhost:7262/js/jquery.min.js - 404 0 null 27.1691ms
2024-11-28 19:14:50.610 +01:00 [INF] Request finished HTTP/2 GET https://localhost:7262/images/default-profile.png - 404 0 null 27.012ms
2024-11-28 19:14:50.611 +01:00 [INF] Request reached the end of the middleware pipeline without being handled by application code. Request path: GET https://localhost:7262/js/jquery.min.js, Response status code: 404
2024-11-28 19:14:50.611 +01:00 [INF] Request reached the end of the middleware pipeline without being handled by application code. Request path: GET https://localhost:7262/images/default-profile.png, Response status code: 404
2024-11-28 19:14:50.612 +01:00 [INF] Request reached the end of the middleware pipeline without being handled by application code. Request path: GET https://localhost:7262/js/bootstrap.js, Response status code: 404
2024-11-28 19:14:50.621 +01:00 [INF] Request starting HTTP/2 GET https://localhost:7262/Images/profile_mu1fu0qy.541638682352465422474.png - null null
2024-11-28 19:14:50.624 +01:00 [INF] Request finished HTTP/2 GET https://localhost:7262/ - 200 null text/html; charset=utf-8 5385.6993ms
2024-11-28 19:14:50.644 +01:00 [INF] Sending file. Request path: '/css/site.css'. Physical path: 'C:\Users\fatta\OneDrive\Dokumenter\Studie\Høst2024\ITPE3200Webapplikasjoner\FinalExam\CodeCraft\SubApp1\wwwroot\css\site.css'
2024-11-28 19:14:50.644 +01:00 [INF] Sending file. Request path: '/SubApp1.styles.css'. Physical path: 'C:\Users\fatta\OneDrive\Dokumenter\Studie\Høst2024\ITPE3200Webapplikasjoner\FinalExam\CodeCraft\SubApp1\obj\Debug\net8.0\scopedcss\bundle\SubApp1.styles.css'
2024-11-28 19:14:50.644 +01:00 [INF] Request finished HTTP/2 GET https://localhost:7262/css/site.css?v=IX3HhC0Qb_wvNR76iq6-WPDnaYZOlvu4jaLxaL9WBe8 - 200 2788 text/css 62.5119ms
2024-11-28 19:14:50.644 +01:00 [INF] Request finished HTTP/2 GET https://localhost:7262/SubApp1.styles.css?v=Sj13-RJCpeuwLSSZn5pveHertSYZb1e9rwkvuFa81K0 - 200 1758 text/css 63.1605ms
2024-11-28 19:14:50.645 +01:00 [INF] Sending file. Request path: '/Images/profile_mu1fu0qy.541638682352465422474.png'. Physical path: 'C:\Users\fatta\OneDrive\Dokumenter\Studie\Høst2024\ITPE3200Webapplikasjoner\FinalExam\CodeCraft\SubApp1\wwwroot\Images\profile_mu1fu0qy.541638682352465422474.png'
2024-11-28 19:14:50.645 +01:00 [INF] Request finished HTTP/2 GET https://localhost:7262/Images/profile_mu1fu0qy.541638682352465422474.png - 200 15320 image/png 23.9423ms
2024-11-28 19:14:50.646 +01:00 [INF] Sending file. Request path: '/Images/nsmd5fi2.thl638682508897864419.jpeg'. Physical path: 'C:\Users\fatta\OneDrive\Dokumenter\Studie\Høst2024\ITPE3200Webapplikasjoner\FinalExam\CodeCraft\SubApp1\wwwroot\Images\nsmd5fi2.thl638682508897864419.jpeg'
2024-11-28 19:14:50.646 +01:00 [INF] Request finished HTTP/2 GET https://localhost:7262/Images/nsmd5fi2.thl638682508897864419.jpeg - 200 72428 image/jpeg 62.7472ms
2024-11-28 19:14:50.646 +01:00 [INF] Sending file. Request path: '/lib/bootstrap/dist/css/bootstrap.min.css'. Physical path: 'C:\Users\fatta\OneDrive\Dokumenter\Studie\Høst2024\ITPE3200Webapplikasjoner\FinalExam\CodeCraft\SubApp1\wwwroot\lib\bootstrap\dist\css\bootstrap.min.css'
2024-11-28 19:14:50.646 +01:00 [INF] Request finished HTTP/2 GET https://localhost:7262/lib/bootstrap/dist/css/bootstrap.min.css - 200 162726 text/css 66.3106ms
2024-11-28 19:14:50.650 +01:00 [INF] Request starting HTTP/2 GET https://localhost:7262/Images/quy2kjsl.44y638667085033516780.jpg - null null
2024-11-28 19:14:50.650 +01:00 [INF] Request starting HTTP/2 GET https://localhost:7262/Images/243xe4ho.h0i638682324223715764.png - null null
2024-11-28 19:14:50.654 +01:00 [INF] Sending file. Request path: '/Images/quy2kjsl.44y638667085033516780.jpg'. Physical path: 'C:\Users\fatta\OneDrive\Dokumenter\Studie\Høst2024\ITPE3200Webapplikasjoner\FinalExam\CodeCraft\SubApp1\wwwroot\Images\quy2kjsl.44y638667085033516780.jpg'
2024-11-28 19:14:50.655 +01:00 [INF] Request finished HTTP/2 GET https://localhost:7262/Images/quy2kjsl.44y638667085033516780.jpg - 200 54606 image/jpeg 4.0913ms
2024-11-28 19:14:50.656 +01:00 [INF] Request starting HTTP/2 GET https://localhost:7262/js/site.js?v=hRQyftXiu1lLX2P9Ly9xa4gHJgLeR1uGN5qegUobtGo - null null
2024-11-28 19:14:50.656 +01:00 [INF] Request starting HTTP/2 GET https://localhost:7262/lib/bootstrap/dist/js/bootstrap.bundle.min.js - null null
2024-11-28 19:14:50.658 +01:00 [INF] Request starting HTTP/2 GET https://localhost:7262/lib/jquery/dist/jquery.min.js - null null
2024-11-28 19:14:50.659 +01:00 [INF] Sending file. Request path: '/js/site.js'. Physical path: 'C:\Users\fatta\OneDrive\Dokumenter\Studie\Høst2024\ITPE3200Webapplikasjoner\FinalExam\CodeCraft\SubApp1\wwwroot\js\site.js'
2024-11-28 19:14:50.659 +01:00 [INF] Request finished HTTP/2 GET https://localhost:7262/js/site.js?v=hRQyftXiu1lLX2P9Ly9xa4gHJgLeR1uGN5qegUobtGo - 200 231 text/javascript 3.0485ms
2024-11-28 19:14:50.666 +01:00 [INF] Sending file. Request path: '/lib/bootstrap/dist/js/bootstrap.bundle.min.js'. Physical path: 'C:\Users\fatta\OneDrive\Dokumenter\Studie\Høst2024\ITPE3200Webapplikasjoner\FinalExam\CodeCraft\SubApp1\wwwroot\lib\bootstrap\dist\js\bootstrap.bundle.min.js'
2024-11-28 19:14:50.666 +01:00 [INF] Request finished HTTP/2 GET https://localhost:7262/lib/bootstrap/dist/js/bootstrap.bundle.min.js - 200 78474 text/javascript 9.8292ms
2024-11-28 19:14:50.667 +01:00 [INF] Sending file. Request path: '/lib/jquery/dist/jquery.min.js'. Physical path: 'C:\Users\fatta\OneDrive\Dokumenter\Studie\Høst2024\ITPE3200Webapplikasjoner\FinalExam\CodeCraft\SubApp1\wwwroot\lib\jquery\dist\jquery.min.js'
2024-11-28 19:14:50.668 +01:00 [INF] Request finished HTTP/2 GET https://localhost:7262/lib/jquery/dist/jquery.min.js - 200 89503 text/javascript 9.4051ms
2024-11-28 19:14:50.673 +01:00 [INF] Sending file. Request path: '/Images/243xe4ho.h0i638682324223715764.png'. Physical path: 'C:\Users\fatta\OneDrive\Dokumenter\Studie\Høst2024\ITPE3200Webapplikasjoner\FinalExam\CodeCraft\SubApp1\wwwroot\Images\243xe4ho.h0i638682324223715764.png'
2024-11-28 19:14:50.673 +01:00 [INF] Request finished HTTP/2 GET https://localhost:7262/Images/243xe4ho.h0i638682324223715764.png - 200 436213 image/png 22.9008ms
2024-11-28 19:14:50.897 +01:00 [INF] Request starting HTTP/2 GET https://localhost:7262/favicon.ico - null null
2024-11-28 19:14:50.899 +01:00 [INF] Sending file. Request path: '/favicon.ico'. Physical path: 'C:\Users\fatta\OneDrive\Dokumenter\Studie\Høst2024\ITPE3200Webapplikasjoner\FinalExam\CodeCraft\SubApp1\wwwroot\favicon.ico'
2024-11-28 19:14:50.899 +01:00 [INF] Request finished HTTP/2 GET https://localhost:7262/favicon.ico - 200 5430 image/x-icon 1.957ms
2024-11-28 19:14:55.174 +01:00 [INF] Request starting HTTP/2 GET https://localhost:7262/Identity/Account/Login - null null
2024-11-28 19:14:55.646 +01:00 [INF] Executing endpoint '/Account/Login'
2024-11-28 19:14:55.889 +01:00 [INF] Route matched with {page = "/Account/Login", area = "Identity", action = "", controller = ""}. Executing page /Account/Login
2024-11-28 19:14:55.933 +01:00 [INF] Executing handler method SubApp1.Areas.Identity.Pages.Account.LoginModel.OnGetAsync - ModelState is "Valid"
2024-11-28 19:14:55.940 +01:00 [INF] AuthenticationScheme: Identity.External signed out.
2024-11-28 19:14:55.941 +01:00 [INF] Executed handler method OnGetAsync, returned result .
2024-11-28 19:14:55.944 +01:00 [INF] Executing an implicit handler method - ModelState is "Valid"
2024-11-28 19:14:55.945 +01:00 [INF] Executed an implicit handler method, returned result Microsoft.AspNetCore.Mvc.RazorPages.PageResult.
2024-11-28 19:14:56.212 +01:00 [INF] Executed page /Account/Login in 322.5822ms
2024-11-28 19:14:56.212 +01:00 [INF] Executed endpoint '/Account/Login'
2024-11-28 19:14:56.213 +01:00 [INF] Request finished HTTP/2 GET https://localhost:7262/Identity/Account/Login - 200 null text/html; charset=utf-8 1038.2166ms
2024-11-28 19:14:56.221 +01:00 [INF] Request starting HTTP/2 GET https://localhost:7262/lib/jquery-validation/dist/jquery.validate.min.js - null null
2024-11-28 19:14:56.221 +01:00 [INF] Request starting HTTP/2 GET https://localhost:7262/js/bootstrap.js - null null
2024-11-28 19:14:56.221 +01:00 [INF] Request starting HTTP/2 GET https://localhost:7262/lib/jquery-validation-unobtrusive/jquery.validate.unobtrusive.min.js - null null
2024-11-28 19:14:56.221 +01:00 [INF] Request starting HTTP/2 GET https://localhost:7262/js/jquery.min.js - null null
2024-11-28 19:14:56.222 +01:00 [INF] Request finished HTTP/2 GET https://localhost:7262/js/bootstrap.js - 404 0 null 0.8129ms
2024-11-28 19:14:56.222 +01:00 [INF] Request finished HTTP/2 GET https://localhost:7262/js/jquery.min.js - 404 0 null 0.3322ms
2024-11-28 19:14:56.222 +01:00 [INF] Request reached the end of the middleware pipeline without being handled by application code. Request path: GET https://localhost:7262/js/bootstrap.js, Response status code: 404
2024-11-28 19:14:56.223 +01:00 [INF] Sending file. Request path: '/lib/jquery-validation-unobtrusive/jquery.validate.unobtrusive.min.js'. Physical path: 'C:\Users\fatta\OneDrive\Dokumenter\Studie\Høst2024\ITPE3200Webapplikasjoner\FinalExam\CodeCraft\SubApp1\wwwroot\lib\jquery-validation-unobtrusive\jquery.validate.unobtrusive.min.js'
2024-11-28 19:14:56.224 +01:00 [INF] Request finished HTTP/2 GET https://localhost:7262/lib/jquery-validation-unobtrusive/jquery.validate.unobtrusive.min.js - 200 5831 text/javascript 2.5997ms
2024-11-28 19:14:56.224 +01:00 [INF] Request reached the end of the middleware pipeline without being handled by application code. Request path: GET https://localhost:7262/js/jquery.min.js, Response status code: 404
2024-11-28 19:14:56.224 +01:00 [INF] Sending file. Request path: '/lib/jquery-validation/dist/jquery.validate.min.js'. Physical path: 'C:\Users\fatta\OneDrive\Dokumenter\Studie\Høst2024\ITPE3200Webapplikasjoner\FinalExam\CodeCraft\SubApp1\wwwroot\lib\jquery-validation\dist\jquery.validate.min.js'
2024-11-28 19:14:56.224 +01:00 [INF] Request finished HTTP/2 GET https://localhost:7262/lib/jquery-validation/dist/jquery.validate.min.js - 200 24604 text/javascript 3.3101ms
2024-11-28 19:15:21.167 +01:00 [INF] Request starting HTTP/2 POST https://localhost:7262/Identity/Account/Login - application/x-www-form-urlencoded 263
2024-11-28 19:15:21.177 +01:00 [INF] Executing endpoint '/Account/Login'
2024-11-28 19:15:21.179 +01:00 [INF] Route matched with {page = "/Account/Login", area = "Identity", action = "", controller = ""}. Executing page /Account/Login
2024-11-28 19:15:21.315 +01:00 [INF] Executing handler method SubApp1.Areas.Identity.Pages.Account.LoginModel.OnPostAsync - ModelState is "Valid"
2024-11-28 19:15:21.595 +01:00 [INF] AuthenticationScheme: Identity.Application signed in.
2024-11-28 19:15:21.598 +01:00 [INF] User logged in.
2024-11-28 19:15:21.601 +01:00 [INF] Executed handler method OnPostAsync, returned result Microsoft.AspNetCore.Mvc.LocalRedirectResult.
2024-11-28 19:15:21.602 +01:00 [INF] Executing LocalRedirectResult, redirecting to /.
2024-11-28 19:15:21.603 +01:00 [INF] Executed page /Account/Login in 424.151ms
2024-11-28 19:15:21.603 +01:00 [INF] Executed endpoint '/Account/Login'
2024-11-28 19:15:21.603 +01:00 [INF] Request finished HTTP/2 POST https://localhost:7262/Identity/Account/Login - 302 0 null 436.5442ms
2024-11-28 19:15:21.609 +01:00 [INF] Request starting HTTP/2 GET https://localhost:7262/ - null null
2024-11-28 19:15:21.622 +01:00 [INF] Executing endpoint 'SubApp1.Controllers.HomeController.Index (SubApp1)'
2024-11-28 19:15:21.622 +01:00 [INF] Route matched with {action = "Index", controller = "Home", page = "", area = ""}. Executing controller action with signature Microsoft.AspNetCore.Mvc.IActionResult Index() on controller SubApp1.Controllers.HomeController (SubApp1).
2024-11-28 19:15:21.639 +01:00 [INF] Executing ViewResult, running view Index.
2024-11-28 19:15:21.704 +01:00 [INF] Executed ViewResult - view Index executed in 65.279ms.
2024-11-28 19:15:21.708 +01:00 [INF] Executed action SubApp1.Controllers.HomeController.Index (SubApp1) in 85.9958ms
2024-11-28 19:15:21.710 +01:00 [INF] Executed endpoint 'SubApp1.Controllers.HomeController.Index (SubApp1)'
2024-11-28 19:15:21.711 +01:00 [INF] Request finished HTTP/2 GET https://localhost:7262/ - 200 null text/html; charset=utf-8 101.336ms
2024-11-28 19:15:21.718 +01:00 [INF] Request starting HTTP/2 GET https://localhost:7262/js/jquery.min.js - null null
2024-11-28 19:15:21.718 +01:00 [INF] Request starting HTTP/2 GET https://localhost:7262/js/bootstrap.js - null null
2024-11-28 19:15:21.718 +01:00 [INF] Request starting HTTP/2 GET https://localhost:7262/images/default-profile.png - null null
2024-11-28 19:15:21.740 +01:00 [INF] Request finished HTTP/2 GET https://localhost:7262/images/default-profile.png - 404 0 null 22.3575ms
2024-11-28 19:15:21.740 +01:00 [INF] Request finished HTTP/2 GET https://localhost:7262/js/bootstrap.js - 404 0 null 22.849ms
2024-11-28 19:15:21.740 +01:00 [INF] Request reached the end of the middleware pipeline without being handled by application code. Request path: GET https://localhost:7262/images/default-profile.png, Response status code: 404
2024-11-28 19:15:21.741 +01:00 [INF] Request reached the end of the middleware pipeline without being handled by application code. Request path: GET https://localhost:7262/js/bootstrap.js, Response status code: 404
2024-11-28 19:15:21.742 +01:00 [INF] Request finished HTTP/2 GET https://localhost:7262/js/jquery.min.js - 404 0 null 24.326ms
2024-11-28 19:15:21.742 +01:00 [INF] Request reached the end of the middleware pipeline without being handled by application code. Request path: GET https://localhost:7262/js/jquery.min.js, Response status code: 404
2024-11-28 19:15:29.839 +01:00 [INF] Request starting HTTP/2 GET https://localhost:7262/Home/Profile - null null
2024-11-28 19:15:29.851 +01:00 [INF] Executing endpoint 'SubApp1.Controllers.HomeController.Profile (SubApp1)'
2024-11-28 19:15:29.855 +01:00 [INF] Route matched with {action = "Profile", controller = "Home", page = "", area = ""}. Executing controller action with signature Microsoft.AspNetCore.Mvc.IActionResult Profile() on controller SubApp1.Controllers.HomeController (SubApp1).
2024-11-28 19:15:30.390 +01:00 [INF] Executing ViewResult, running view Profile.
2024-11-28 19:15:30.404 +01:00 [INF] Executed ViewResult - view Profile executed in 530.117ms.
2024-11-28 19:15:30.404 +01:00 [INF] Executed action SubApp1.Controllers.HomeController.Profile (SubApp1) in 548.1403ms
2024-11-28 19:15:30.404 +01:00 [INF] Executed endpoint 'SubApp1.Controllers.HomeController.Profile (SubApp1)'
2024-11-28 19:15:30.404 +01:00 [INF] Request finished HTTP/2 GET https://localhost:7262/Home/Profile - 200 null text/html; charset=utf-8 564.8392ms
2024-11-28 19:15:30.413 +01:00 [INF] Request starting HTTP/2 GET https://localhost:7262/js/bootstrap.js - null null
2024-11-28 19:15:30.413 +01:00 [INF] Request starting HTTP/2 GET https://localhost:7262/js/jquery.min.js - null null
2024-11-28 19:15:30.444 +01:00 [INF] Request finished HTTP/2 GET https://localhost:7262/js/jquery.min.js - 404 0 null 29.9365ms
2024-11-28 19:15:30.444 +01:00 [INF] Request finished HTTP/2 GET https://localhost:7262/js/bootstrap.js - 404 0 null 30.244ms
2024-11-28 19:15:30.444 +01:00 [INF] Request reached the end of the middleware pipeline without being handled by application code. Request path: GET https://localhost:7262/js/jquery.min.js, Response status code: 404
2024-11-28 19:15:30.444 +01:00 [INF] Request reached the end of the middleware pipeline without being handled by application code. Request path: GET https://localhost:7262/js/bootstrap.js, Response status code: 404
2024-11-28 19:15:44.509 +01:00 [INF] Request starting HTTP/2 POST https://localhost:7262/Post/CreatePost - multipart/form-data; boundary=----WebKitFormBoundary4h5IylFbxBmDPBwn 88478
2024-11-28 19:15:44.514 +01:00 [INF] Executing endpoint 'SubApp1.Controllers.PostController.CreatePost (SubApp1)'
2024-11-28 19:15:44.518 +01:00 [INF] Route matched with {action = "CreatePost", controller = "Post", page = "", area = ""}. Executing controller action with signature Microsoft.AspNetCore.Mvc.IActionResult CreatePost(System.String, Microsoft.AspNetCore.Http.IFormFile) on controller SubApp1.Controllers.PostController (SubApp1).
2024-11-28 19:15:44.795 +01:00 [INF] Executing RedirectResult, redirecting to /Home/Profile.
2024-11-28 19:15:44.795 +01:00 [INF] Executed action SubApp1.Controllers.PostController.CreatePost (SubApp1) in 277.5949ms
2024-11-28 19:15:44.795 +01:00 [INF] Executed endpoint 'SubApp1.Controllers.PostController.CreatePost (SubApp1)'
2024-11-28 19:15:44.797 +01:00 [INF] Request finished HTTP/2 POST https://localhost:7262/Post/CreatePost - 302 0 null 288.324ms
2024-11-28 19:15:44.800 +01:00 [INF] Request starting HTTP/2 GET https://localhost:7262/Home/Profile - null null
2024-11-28 19:15:44.806 +01:00 [INF] Executing endpoint 'SubApp1.Controllers.HomeController.Profile (SubApp1)'
2024-11-28 19:15:44.806 +01:00 [INF] Route matched with {action = "Profile", controller = "Home", page = "", area = ""}. Executing controller action with signature Microsoft.AspNetCore.Mvc.IActionResult Profile() on controller SubApp1.Controllers.HomeController (SubApp1).
2024-11-28 19:15:44.810 +01:00 [INF] Executing ViewResult, running view Profile.
2024-11-28 19:15:44.815 +01:00 [INF] Executed ViewResult - view Profile executed in 5.1469ms.
2024-11-28 19:15:44.815 +01:00 [INF] Executed action SubApp1.Controllers.HomeController.Profile (SubApp1) in 9.3752ms
2024-11-28 19:15:44.815 +01:00 [INF] Executed endpoint 'SubApp1.Controllers.HomeController.Profile (SubApp1)'
2024-11-28 19:15:44.815 +01:00 [INF] Request finished HTTP/2 GET https://localhost:7262/Home/Profile - 200 null text/html; charset=utf-8 15.0629ms
2024-11-28 19:15:44.824 +01:00 [INF] Request starting HTTP/2 GET https://localhost:7262/Images/profile_mbauyjy1.jfz638682454607465969.jpeg - null null
2024-11-28 19:15:44.824 +01:00 [INF] Request starting HTTP/2 GET https://localhost:7262/Images/5bjphvn1.bne638684181445449658.jpg - null null
2024-11-28 19:15:44.824 +01:00 [INF] Request starting HTTP/2 GET https://localhost:7262/js/bootstrap.js - null null
2024-11-28 19:15:44.824 +01:00 [INF] Request starting HTTP/2 GET https://localhost:7262/js/jquery.min.js - null null
2024-11-28 19:15:44.862 +01:00 [INF] Request finished HTTP/2 GET https://localhost:7262/js/bootstrap.js - 404 0 null 38.9401ms
2024-11-28 19:15:44.863 +01:00 [INF] Request reached the end of the middleware pipeline without being handled by application code. Request path: GET https://localhost:7262/js/bootstrap.js, Response status code: 404
2024-11-28 19:15:44.863 +01:00 [INF] Request finished HTTP/2 GET https://localhost:7262/js/jquery.min.js - 404 0 null 39.2565ms
2024-11-28 19:15:44.864 +01:00 [INF] Request reached the end of the middleware pipeline without being handled by application code. Request path: GET https://localhost:7262/js/jquery.min.js, Response status code: 404
2024-11-28 19:15:44.867 +01:00 [INF] Sending file. Request path: '/Images/profile_mbauyjy1.jfz638682454607465969.jpeg'. Physical path: 'C:\Users\fatta\OneDrive\Dokumenter\Studie\Høst2024\ITPE3200Webapplikasjoner\FinalExam\CodeCraft\SubApp1\wwwroot\Images\profile_mbauyjy1.jfz638682454607465969.jpeg'
2024-11-28 19:15:44.868 +01:00 [INF] Request finished HTTP/2 GET https://localhost:7262/Images/profile_mbauyjy1.jfz638682454607465969.jpeg - 200 72428 image/jpeg 43.8738ms
2024-11-28 19:15:44.873 +01:00 [INF] Sending file. Request path: '/Images/5bjphvn1.bne638684181445449658.jpg'. Physical path: 'C:\Users\fatta\OneDrive\Dokumenter\Studie\Høst2024\ITPE3200Webapplikasjoner\FinalExam\CodeCraft\SubApp1\wwwroot\Images\5bjphvn1.bne638684181445449658.jpg'
2024-11-28 19:15:44.873 +01:00 [INF] Request finished HTTP/2 GET https://localhost:7262/Images/5bjphvn1.bne638684181445449658.jpg - 200 87882 image/jpeg 49.5923ms
2024-11-28 19:15:50.030 +01:00 [INF] Request starting HTTP/2 GET https://localhost:7262/ - null null
2024-11-28 19:15:50.036 +01:00 [INF] Executing endpoint 'SubApp1.Controllers.HomeController.Index (SubApp1)'
2024-11-28 19:15:50.036 +01:00 [INF] Route matched with {action = "Index", controller = "Home", page = "", area = ""}. Executing controller action with signature Microsoft.AspNetCore.Mvc.IActionResult Index() on controller SubApp1.Controllers.HomeController (SubApp1).
2024-11-28 19:15:50.048 +01:00 [INF] Executing ViewResult, running view Index.
2024-11-28 19:15:50.054 +01:00 [INF] Executed ViewResult - view Index executed in 5.4938ms.
2024-11-28 19:15:50.054 +01:00 [INF] Executed action SubApp1.Controllers.HomeController.Index (SubApp1) in 17.9637ms
2024-11-28 19:15:50.054 +01:00 [INF] Executed endpoint 'SubApp1.Controllers.HomeController.Index (SubApp1)'
2024-11-28 19:15:50.054 +01:00 [INF] Request finished HTTP/2 GET https://localhost:7262/ - 200 null text/html; charset=utf-8 24.0854ms
2024-11-28 19:15:50.067 +01:00 [INF] Request starting HTTP/2 GET https://localhost:7262/Images/5bjphvn1.bne638684181445449658.jpg - null null
2024-11-28 19:15:50.068 +01:00 [INF] Request starting HTTP/2 GET https://localhost:7262/images/default-profile.png - null null
2024-11-28 19:15:50.067 +01:00 [INF] Request starting HTTP/2 GET https://localhost:7262/js/jquery.min.js - null null
2024-11-28 19:15:50.067 +01:00 [INF] Request starting HTTP/2 GET https://localhost:7262/js/bootstrap.js - null null
2024-11-28 19:15:50.075 +01:00 [INF] Request finished HTTP/2 GET https://localhost:7262/images/default-profile.png - 404 0 null 6.9649ms
2024-11-28 19:15:50.076 +01:00 [INF] Request reached the end of the middleware pipeline without being handled by application code. Request path: GET https://localhost:7262/images/default-profile.png, Response status code: 404
2024-11-28 19:15:50.077 +01:00 [INF] Request finished HTTP/2 GET https://localhost:7262/js/bootstrap.js - 404 0 null 9.1498ms
2024-11-28 19:15:50.077 +01:00 [INF] Request reached the end of the middleware pipeline without being handled by application code. Request path: GET https://localhost:7262/js/bootstrap.js, Response status code: 404
2024-11-28 19:15:50.078 +01:00 [INF] Request finished HTTP/2 GET https://localhost:7262/js/jquery.min.js - 404 0 null 10.6471ms
2024-11-28 19:15:50.078 +01:00 [INF] Request reached the end of the middleware pipeline without being handled by application code. Request path: GET https://localhost:7262/js/jquery.min.js, Response status code: 404
2024-11-28 19:15:50.078 +01:00 [INF] The file /Images/5bjphvn1.bne638684181445449658.jpg was not modified
2024-11-28 19:15:50.078 +01:00 [INF] Request finished HTTP/2 GET https://localhost:7262/Images/5bjphvn1.bne638684181445449658.jpg - 304 null image/jpeg 11.077ms
2024-11-28 19:16:35.634 +01:00 [INF] Request starting HTTP/2 POST https://localhost:7262/Identity/Account/Logout?returnUrl=%2F - application/x-www-form-urlencoded 225
2024-11-28 19:16:35.885 +01:00 [INF] Executing endpoint '/Account/Logout'
2024-11-28 19:16:35.890 +01:00 [INF] Route matched with {page = "/Account/Logout", area = "Identity", action = "", controller = ""}. Executing page /Account/Logout
2024-11-28 19:16:35.900 +01:00 [INF] Executing handler method SubApp1.Areas.Identity.Pages.Account.LogoutModel.OnPost - ModelState is "Valid"
2024-11-28 19:16:35.902 +01:00 [INF] AuthenticationScheme: Identity.Application signed out.
2024-11-28 19:16:35.903 +01:00 [INF] AuthenticationScheme: Identity.External signed out.
2024-11-28 19:16:35.903 +01:00 [INF] AuthenticationScheme: Identity.TwoFactorUserId signed out.
2024-11-28 19:16:35.906 +01:00 [INF] User logged out.
2024-11-28 19:16:35.907 +01:00 [INF] Executed handler method OnPost, returned result Microsoft.AspNetCore.Mvc.LocalRedirectResult.
2024-11-28 19:16:35.907 +01:00 [INF] Executing LocalRedirectResult, redirecting to /.
2024-11-28 19:16:35.907 +01:00 [INF] Executed page /Account/Logout in 16.3922ms
2024-11-28 19:16:35.907 +01:00 [INF] Executed endpoint '/Account/Logout'
2024-11-28 19:16:35.907 +01:00 [INF] Request finished HTTP/2 POST https://localhost:7262/Identity/Account/Logout?returnUrl=%2F - 302 0 null 273.31ms
2024-11-28 19:16:35.914 +01:00 [INF] Request starting HTTP/2 GET https://localhost:7262/ - null null
2024-11-28 19:16:35.914 +01:00 [INF] Executing endpoint 'SubApp1.Controllers.HomeController.Index (SubApp1)'
2024-11-28 19:16:35.914 +01:00 [INF] Route matched with {action = "Index", controller = "Home", page = "", area = ""}. Executing controller action with signature Microsoft.AspNetCore.Mvc.IActionResult Index() on controller SubApp1.Controllers.HomeController (SubApp1).
2024-11-28 19:16:35.927 +01:00 [INF] Executing ViewResult, running view Index.
2024-11-28 19:16:35.931 +01:00 [INF] Executed ViewResult - view Index executed in 3.9812ms.
2024-11-28 19:16:35.931 +01:00 [INF] Executed action SubApp1.Controllers.HomeController.Index (SubApp1) in 16.9949ms
2024-11-28 19:16:35.931 +01:00 [INF] Executed endpoint 'SubApp1.Controllers.HomeController.Index (SubApp1)'
2024-11-28 19:16:35.931 +01:00 [INF] Request finished HTTP/2 GET https://localhost:7262/ - 200 null text/html; charset=utf-8 17.8231ms
2024-11-28 19:16:35.946 +01:00 [INF] Request starting HTTP/2 GET https://localhost:7262/lib/bootstrap/dist/css/bootstrap.min.css - null null
2024-11-28 19:16:35.946 +01:00 [INF] Request starting HTTP/2 GET https://localhost:7262/css/site.css?v=IX3HhC0Qb_wvNR76iq6-WPDnaYZOlvu4jaLxaL9WBe8 - null null
2024-11-28 19:16:35.947 +01:00 [INF] The file /css/site.css was not modified
2024-11-28 19:16:35.947 +01:00 [INF] The file /lib/bootstrap/dist/css/bootstrap.min.css was not modified
2024-11-28 19:16:35.947 +01:00 [INF] Request finished HTTP/2 GET https://localhost:7262/lib/bootstrap/dist/css/bootstrap.min.css - 304 null text/css 0.8738ms
2024-11-28 19:16:35.947 +01:00 [INF] Request finished HTTP/2 GET https://localhost:7262/css/site.css?v=IX3HhC0Qb_wvNR76iq6-WPDnaYZOlvu4jaLxaL9WBe8 - 304 null text/css 0.7388ms
2024-11-28 19:16:35.947 +01:00 [INF] Request starting HTTP/2 GET https://localhost:7262/SubApp1.styles.css?v=Sj13-RJCpeuwLSSZn5pveHertSYZb1e9rwkvuFa81K0 - null null
2024-11-28 19:16:35.947 +01:00 [INF] Request starting HTTP/2 GET https://localhost:7262/js/jquery.min.js - null null
2024-11-28 19:16:35.948 +01:00 [INF] Request starting HTTP/2 GET https://localhost:7262/Images/5bjphvn1.bne638684181445449658.jpg - null null
2024-11-28 19:16:35.948 +01:00 [INF] Request starting HTTP/2 GET https://localhost:7262/js/bootstrap.js - null null
2024-11-28 19:16:35.948 +01:00 [INF] The file /SubApp1.styles.css was not modified
2024-11-28 19:16:35.949 +01:00 [INF] The file /Images/5bjphvn1.bne638684181445449658.jpg was not modified
2024-11-28 19:16:35.949 +01:00 [INF] Request finished HTTP/2 GET https://localhost:7262/Images/5bjphvn1.bne638684181445449658.jpg - 304 null image/jpeg 0.4646ms
2024-11-28 19:16:35.949 +01:00 [INF] Request finished HTTP/2 GET https://localhost:7262/SubApp1.styles.css?v=Sj13-RJCpeuwLSSZn5pveHertSYZb1e9rwkvuFa81K0 - 304 null text/css 1.2044ms
2024-11-28 19:16:35.949 +01:00 [INF] Request starting HTTP/2 GET https://localhost:7262/images/default-profile.png - null null
2024-11-28 19:16:35.949 +01:00 [INF] Request finished HTTP/2 GET https://localhost:7262/js/jquery.min.js - 404 0 null 1.38ms
2024-11-28 19:16:35.949 +01:00 [INF] Request finished HTTP/2 GET https://localhost:7262/js/bootstrap.js - 404 0 null 0.5015ms
2024-11-28 19:16:35.949 +01:00 [INF] Request reached the end of the middleware pipeline without being handled by application code. Request path: GET https://localhost:7262/js/bootstrap.js, Response status code: 404
2024-11-28 19:16:35.949 +01:00 [INF] Request reached the end of the middleware pipeline without being handled by application code. Request path: GET https://localhost:7262/js/jquery.min.js, Response status code: 404
2024-11-28 19:16:35.949 +01:00 [INF] Request finished HTTP/2 GET https://localhost:7262/images/default-profile.png - 404 0 null 0.2373ms
2024-11-28 19:16:35.949 +01:00 [INF] Request reached the end of the middleware pipeline without being handled by application code. Request path: GET https://localhost:7262/images/default-profile.png, Response status code: 404
2024-11-28 19:16:35.961 +01:00 [INF] Request starting HTTP/2 GET https://localhost:7262/Images/nsmd5fi2.thl638682508897864419.jpeg - null null
2024-11-28 19:16:35.961 +01:00 [INF] Request starting HTTP/2 GET https://localhost:7262/Images/profile_mu1fu0qy.541638682352465422474.png - null null
2024-11-28 19:16:35.961 +01:00 [INF] Request starting HTTP/2 GET https://localhost:7262/lib/jquery/dist/jquery.min.js - null null
2024-11-28 19:16:35.961 +01:00 [INF] Request starting HTTP/2 GET https://localhost:7262/lib/bootstrap/dist/js/bootstrap.bundle.min.js - null null
2024-11-28 19:16:35.961 +01:00 [INF] The file /Images/profile_mu1fu0qy.541638682352465422474.png was not modified
2024-11-28 19:16:35.961 +01:00 [INF] The file /Images/nsmd5fi2.thl638682508897864419.jpeg was not modified
2024-11-28 19:16:35.962 +01:00 [INF] The file /lib/bootstrap/dist/js/bootstrap.bundle.min.js was not modified
2024-11-28 19:16:35.962 +01:00 [INF] Request finished HTTP/2 GET https://localhost:7262/Images/nsmd5fi2.thl638682508897864419.jpeg - 304 null image/jpeg 0.8283ms
2024-11-28 19:16:35.962 +01:00 [INF] The file /lib/jquery/dist/jquery.min.js was not modified
2024-11-28 19:16:35.962 +01:00 [INF] Request finished HTTP/2 GET https://localhost:7262/lib/bootstrap/dist/js/bootstrap.bundle.min.js - 304 null text/javascript 1.0143ms
2024-11-28 19:16:35.962 +01:00 [INF] Request finished HTTP/2 GET https://localhost:7262/lib/jquery/dist/jquery.min.js - 304 null text/javascript 1.23ms
2024-11-28 19:16:35.962 +01:00 [INF] Request finished HTTP/2 GET https://localhost:7262/Images/profile_mu1fu0qy.541638682352465422474.png - 304 null image/png 0.8284ms
2024-11-28 19:16:35.962 +01:00 [INF] Request starting HTTP/2 GET https://localhost:7262/Images/quy2kjsl.44y638667085033516780.jpg - null null
2024-11-28 19:16:35.962 +01:00 [INF] Request starting HTTP/2 GET https://localhost:7262/Images/243xe4ho.h0i638682324223715764.png - null null
2024-11-28 19:16:35.963 +01:00 [INF] The file /Images/243xe4ho.h0i638682324223715764.png was not modified
2024-11-28 19:16:35.963 +01:00 [INF] Request finished HTTP/2 GET https://localhost:7262/Images/243xe4ho.h0i638682324223715764.png - 304 null image/png 0.642ms
2024-11-28 19:16:35.963 +01:00 [INF] The file /Images/quy2kjsl.44y638667085033516780.jpg was not modified
2024-11-28 19:16:35.963 +01:00 [INF] Request starting HTTP/2 GET https://localhost:7262/js/site.js?v=hRQyftXiu1lLX2P9Ly9xa4gHJgLeR1uGN5qegUobtGo - null null
2024-11-28 19:16:35.963 +01:00 [INF] Request finished HTTP/2 GET https://localhost:7262/Images/quy2kjsl.44y638667085033516780.jpg - 304 null image/jpeg 1.019ms
2024-11-28 19:16:35.965 +01:00 [INF] The file /js/site.js was not modified
2024-11-28 19:16:35.965 +01:00 [INF] Request finished HTTP/2 GET https://localhost:7262/js/site.js?v=hRQyftXiu1lLX2P9Ly9xa4gHJgLeR1uGN5qegUobtGo - 304 null text/javascript 1.6504ms
